<?xml version="1.0" encoding="UTF-8"?>
<!-- Generated by org.testng.reporters.JUnitReportReporter -->
<testsuite skipped="0" hostname="DESKTOP-KPODSOV" name="com.test.NewTest" tests="1" failures="0" timestamp="16 Oct 2019 10:10:56 GMT" time="6.325" errors="0">
  <testcase name="verifySearchButton" time="6.325" classname="com.test.NewTest"/>
</testsuite> <!-- com.test.NewTest -->
