<?xml version="1.0" encoding="UTF-8"?>
<!-- Generated by org.testng.reporters.JUnitReportReporter -->
<testsuite skipped="1" hostname="DESKTOP-KPODSOV" name="com.boss.testrunner.staticdata.Currency_add" tests="1" failures="0" timestamp="22 Oct 2019 13:48:29 GMT" time="0.000" errors="0">
  <testcase name="feature" time="0.000" classname="com.boss.testrunner.staticdata.Currency_add">
    <skipped/>
  </testcase> <!-- feature -->
</testsuite> <!-- com.boss.testrunner.staticdata.Currency_add -->
